This is pdfTeX, Version 3.14159265-2.6-1.40.21 (TeX Live 2020) (preloaded format=pdflatex 2020.7.17)  19 JUL 2020 11:44
entering extended mode
 restricted \write18 enabled.
 %&-line parsing enabled.
**geoChronR-paper.tex
(./geoChronR-paper.tex
LaTeX2e <2020-02-02> patch level 5
L3 programming layer <2020-06-18> (./copernicus.cls
Document Class: copernicus 2018/10/08 8.82 Copernicus papers
(/Users/nicholas/Library/TinyTeX/texmf-dist/tex/latex/base/fixltx2e.sty
Package: fixltx2e 2016/12/29 v2.1a fixes to LaTeX (obsolete)
Applying: [2015/01/01] Old fixltx2e package on input line 46.

Package fixltx2e Warning: fixltx2e is not required with releases after 2015
(fixltx2e)                All fixes are now in the LaTeX kernel.
(fixltx2e)                See the latexrelease package for details.

Already applied: [0000/00/00] Old fixltx2e package on input line 53.
)
Additional configuration file copernicus.cfg used
(./copernicus.cfg) (/Users/nicholas/Library/TinyTeX/texmf-dist/tex/latex/base/a
rticle.cls
Document Class: article 2019/12/20 v1.4l Standard LaTeX document class
(/Users/nicholas/Library/TinyTeX/texmf-dist/tex/latex/base/fleqn.clo
File: fleqn.clo 2016/12/29 v1.2b Standard LaTeX option (flush left equations)
\mathindent=\dimen134
Applying: [2015/01/01] Make \[ robust on input line 50.
LaTeX Info: Redefining \[ on input line 51.
Already applied: [0000/00/00] Make \[ robust on input line 62.
Applying: [2015/01/01] Make \] robust on input line 74.
LaTeX Info: Redefining \] on input line 75.
Already applied: [0000/00/00] Make \] robust on input line 83.
) (/Users/nicholas/Library/TinyTeX/texmf-dist/tex/latex/base/size10.clo
File: size10.clo 2019/12/20 v1.4l Standard LaTeX file (size option)
)
\c@part=\count167
\c@section=\count168
\c@subsection=\count169
\c@subsubsection=\count170
\c@paragraph=\count171
\c@subparagraph=\count172
\c@figure=\count173
\c@table=\count174
\abovecaptionskip=\skip47
\belowcaptionskip=\skip48
\bibindent=\dimen135
)
\bleed=\dimen136
\longtwo@top=\skip49
\longtwo@bottom=\skip50
\longtwo@box=\box45
(/Users/nicholas/Library/TinyTeX/texmf-dist/tex/generic/ulem/ulem.sty
\UL@box=\box46
\UL@hyphenbox=\box47
\UL@skip=\skip51
\UL@hook=\toks15
\UL@height=\dimen137
\UL@pe=\count175
\UL@pixel=\dimen138
\ULC@box=\box48
Package: ulem 2019/11/18
\ULdepth=\dimen139
) (/Users/nicholas/Library/TinyTeX/texmf-dist/tex/latex/base/fontenc.sty
Package: fontenc 2020/02/11 v2.0o Standard LaTeX package
) (/Users/nicholas/Library/TinyTeX/texmf-dist/tex/latex/base/textcomp.sty
Package: textcomp 2020/02/02 v2.0n Standard LaTeX package
) (/Users/nicholas/Library/TinyTeX/texmf-dist/tex/latex/base/inputenc.sty
Package: inputenc 2018/08/11 v1.3c Input encoding file
\inpenc@prehook=\toks16
\inpenc@posthook=\toks17
)
   defining Unicode char U+0394 (decimal 916)
   defining Unicode char U+8710 (decimal 34576)
   defining Unicode char U+0331 (decimal 817)
   defining Unicode char U+014B (decimal 331)
   defining Unicode char U+2032 (decimal 8242)
(/Users/nicholas/Library/TinyTeX/texmf-dist/tex/generic/babel/babel.sty
Package: babel 2020/07/13 3.47 The Babel package
(/Users/nicholas/Library/TinyTeX/texmf-dist/tex/generic/babel/babel.def
File: babel.def 2020/07/13 3.47 Babel common definitions
\babel@savecnt=\count176
\U@D=\dimen140
\l@babelnohyphens=\language3
(/Users/nicholas/Library/TinyTeX/texmf-dist/tex/generic/babel/txtbabel.def)
\bbl@readstream=\read2
)
\bbl@dirlevel=\count177

(/Users/nicholas/Library/TinyTeX/texmf-dist/tex/generic/babel-english/english.l
df
Language: english 2017/06/06 v3.3r English support from the babel system
Package babel Info: \l@british = using hyphenrules for english
(babel)             (\language0) on input line 82.
Package babel Info: \l@UKenglish = using hyphenrules for english
(babel)             (\language0) on input line 83.
Package babel Info: \l@canadian = using hyphenrules for english
(babel)             (\language0) on input line 102.
Package babel Info: \l@australian = using hyphenrules for english
(babel)             (\language0) on input line 105.
Package babel Info: \l@newzealand = using hyphenrules for english
(babel)             (\language0) on input line 108.
)) (/Users/nicholas/Library/TinyTeX/texmf-dist/tex/latex/tools/array.sty
Package: array 2019/08/31 v2.4l Tabular extension package (FMi)
\col@sep=\dimen141
\ar@mcellbox=\box49
\extrarowheight=\dimen142
\NC@list=\toks18
\extratabsurround=\skip52
\backup@length=\skip53
\ar@cellbox=\box50
) (/Users/nicholas/Library/TinyTeX/texmf-dist/tex/latex/tools/tabularx.sty
Package: tabularx 2020/01/15 v2.11c `tabularx' package (DPC)
\TX@col@width=\dimen143
\TX@old@table=\dimen144
\TX@old@col=\dimen145
\TX@target=\dimen146
\TX@delta=\dimen147
\TX@cols=\count178
\TX@ftn=\toks19
) (/Users/nicholas/Library/TinyTeX/texmf-dist/tex/latex/graphics/graphicx.sty
Package: graphicx 2019/11/30 v1.2a Enhanced LaTeX Graphics (DPC,SPQR)
(/Users/nicholas/Library/TinyTeX/texmf-dist/tex/latex/graphics/keyval.sty
Package: keyval 2014/10/28 v1.15 key=value parser (DPC)
\KV@toks@=\toks20
) (/Users/nicholas/Library/TinyTeX/texmf-dist/tex/latex/graphics/graphics.sty
Package: graphics 2019/11/30 v1.4a Standard LaTeX Graphics (DPC,SPQR)
(/Users/nicholas/Library/TinyTeX/texmf-dist/tex/latex/graphics/trig.sty
Package: trig 2016/01/03 v1.10 sin cos tan (DPC)
)
(/Users/nicholas/Library/TinyTeX/texmf-dist/tex/latex/graphics-cfg/graphics.cfg
File: graphics.cfg 2016/06/04 v1.11 sample graphics configuration
)
Package graphics Info: Driver file: pdftex.def on input line 105.
(/Users/nicholas/Library/TinyTeX/texmf-dist/tex/latex/graphics-def/pdftex.def
File: pdftex.def 2018/01/08 v1.0l Graphics/color driver for pdftex
))
\Gin@req@height=\dimen148
\Gin@req@width=\dimen149
) (/Users/nicholas/Library/TinyTeX/texmf-dist/tex/latex/graphics/color.sty
Package: color 2019/11/23 v1.2a Standard LaTeX Color (DPC)
(/Users/nicholas/Library/TinyTeX/texmf-dist/tex/latex/graphics-cfg/color.cfg
File: color.cfg 2016/01/02 v1.6 sample color configuration
)
Package color Info: Driver file: pdftex.def on input line 147.
) (/Users/nicholas/Library/TinyTeX/texmf-dist/tex/latex/amsfonts/amssymb.sty
Package: amssymb 2013/01/14 v3.01 AMS font symbols
(/Users/nicholas/Library/TinyTeX/texmf-dist/tex/latex/amsfonts/amsfonts.sty
Package: amsfonts 2013/01/14 v3.01 Basic AMSFonts support
\@emptytoks=\toks21
\symAMSa=\mathgroup4
\symAMSb=\mathgroup5
LaTeX Font Info:    Redeclaring math symbol \hbar on input line 98.
LaTeX Font Info:    Overwriting math alphabet `\mathfrak' in version `bold'
(Font)                  U/euf/m/n --> U/euf/b/n on input line 106.
)) (/Users/nicholas/Library/TinyTeX/texmf-dist/tex/latex/amsmath/amsmath.sty
Package: amsmath 2020/01/20 v2.17e AMS math features
\@mathmargin=\skip54
For additional information on amsmath, use the `?' option.
(/Users/nicholas/Library/TinyTeX/texmf-dist/tex/latex/amsmath/amstext.sty
Package: amstext 2000/06/29 v2.01 AMS text
(/Users/nicholas/Library/TinyTeX/texmf-dist/tex/latex/amsmath/amsgen.sty
File: amsgen.sty 1999/11/30 v2.0 generic functions
\@emptytoks=\toks22
\ex@=\dimen150
)) (/Users/nicholas/Library/TinyTeX/texmf-dist/tex/latex/amsmath/amsbsy.sty
Package: amsbsy 1999/11/29 v1.2d Bold Symbols
\pmbraise@=\dimen151
) (/Users/nicholas/Library/TinyTeX/texmf-dist/tex/latex/amsmath/amsopn.sty
Package: amsopn 2016/03/08 v2.02 operator names
)
\inf@bad=\count179
LaTeX Info: Redefining \frac on input line 227.
\uproot@=\count180
\leftroot@=\count181
LaTeX Info: Redefining \overline on input line 389.
\classnum@=\count182
\DOTSCASE@=\count183
LaTeX Info: Redefining \ldots on input line 486.
LaTeX Info: Redefining \dots on input line 489.
LaTeX Info: Redefining \cdots on input line 610.
\Mathstrutbox@=\box51
\strutbox@=\box52
\big@size=\dimen152
LaTeX Font Info:    Redeclaring font encoding OML on input line 733.
LaTeX Font Info:    Redeclaring font encoding OMS on input line 734.
\macc@depth=\count184
\c@MaxMatrixCols=\count185
\dotsspace@=\muskip16
\c@parentequation=\count186
\dspbrk@lvl=\count187
\tag@help=\toks23
\row@=\count188
\column@=\count189
\maxfields@=\count190
\andhelp@=\toks24
\eqnshift@=\dimen153
\alignsep@=\dimen154
\tagshift@=\dimen155
\tagwidth@=\dimen156
\totwidth@=\dimen157
\lineht@=\dimen158
\@envbody=\toks25
\multlinegap=\skip55
\multlinetaggap=\skip56
\mathdisplay@stack=\toks26
LaTeX Info: Redefining \[ on input line 2859.
LaTeX Info: Redefining \] on input line 2860.
) (/Users/nicholas/Library/TinyTeX/texmf-dist/tex/latex/amscls/amsthm.sty
Package: amsthm 2020/05/29 v2.20.6
\thm@style=\toks27
\thm@bodyfont=\toks28
\thm@headfont=\toks29
\thm@notefont=\toks30
\thm@headpunct=\toks31
\thm@preskip=\skip57
\thm@postskip=\skip58
\thm@headsep=\skip59
\dth@everypar=\toks32
)
\affilsep=\skip60
\@affilsep=\skip61
\c@Maxaffil=\count191
\c@authors=\count192
\c@affil=\count193
(/Users/nicholas/Library/TinyTeX/texmf-dist/tex/latex/url/url.sty
\Urlmuskip=\muskip17
Package: url 2013/09/16  ver 3.4  Verb mode for urls, etc.
)

Class copernicus Warning: Cannot find accents.sty; proceeding without it.


Class copernicus Warning: Cannot find cancel.sty; proceeding without it.

(/Users/nicholas/Library/TinyTeX/texmf-dist/tex/latex/multirow/multirow.sty
Package: multirow 2019/05/31 v2.5 Span multiple rows of a table
\multirow@colwidth=\skip62
\multirow@cntb=\count194
\multirow@dima=\skip63
\bigstrutjot=\dimen159
)

Class copernicus Warning: Cannot find supertabular.sty; proceeding without it.


(/Users/nicholas/Library/TinyTeX/texmf-dist/tex/latex/algorithms/algorithmic.st
y
Package: algorithmic 2009/08/24 v0.1 Document Style `algorithmic'
(/Users/nicholas/Library/TinyTeX/texmf-dist/tex/latex/base/ifthen.sty
Package: ifthen 2014/09/29 v1.1c Standard LaTeX ifthen package (DPC)
)
\c@ALC@unique=\count195
\c@ALC@line=\count196
\c@ALC@rem=\count197
\c@ALC@depth=\count198
\ALC@tlm=\skip64
\algorithmicindent=\skip65
) (/Users/nicholas/Library/TinyTeX/texmf-dist/tex/latex/algorithms/algorithm.st
y
Package: algorithm 2009/08/24 v0.1 Document Style `algorithm' - floating enviro
nment
(/Users/nicholas/Library/TinyTeX/texmf-dist/tex/latex/float/float.sty
Package: float 2001/11/08 v1.3d Float enhancements (AL)
\c@float@type=\count199
\float@exts=\toks33
\float@box=\box53
\@float@everytoks=\toks34
\@floatcapt=\box54
)
\@float@every@algorithm=\toks35
\c@algorithm=\count266
) (/Users/nicholas/Library/TinyTeX/texmf-dist/tex/latex/caption/caption.sty
Package: caption 2020/05/30 v3.4k Customizing captions (AR)
(/Users/nicholas/Library/TinyTeX/texmf-dist/tex/latex/caption/caption3.sty
Package: caption3 2020/05/30 v1.12 caption3 kernel (AR)
Package caption3 Info: TeX engine: e-TeX on input line 61.
\captionmargin=\dimen160
\captionmargin@=\dimen161
\captionwidth=\dimen162
\caption@tempdima=\dimen163
\caption@indent=\dimen164
\caption@parindent=\dimen165
\caption@hangindent=\dimen166
Package caption Info: Unknown document class (or package),
(caption)             standard defaults will be used.
Package caption Info: \@makecaption = \long macro:#1#2->\def \@tempa {figure}\i
fx \@captype \@tempa \if@stage@final \vskip 0.7\abovecaptionskip \else \vskip \
abovecaptionskip \goodbreak \fi \fi {\reset@font \small {\bfseries #1.} #2\par 
}\if@cop@home \ifonline \ifnum \csname c@\@captype \endcsname =1 \immediate \wr
ite \@auxout {\string \gdef \string \@num \@captype {}}\hypertarget {\@captype 
}{}\fi \fi \fi \def \@tempa {table}\ifx \@captype \@tempa \vskip \abovecaptions
kip \if@stage@final \else \goodbreak \fi \fi  on input line 1054.
)

Package caption Warning: Unknown document class (or package),
(caption)                standard defaults will be used.
See the caption package documentation for explanation.

\c@caption@flags=\count267
\c@continuedfloat=\count268
Package caption Info: float package is loaded.
)

Class copernicus Warning: Cannot find subfloat.sty; proceeding without it.

(/Users/nicholas/Library/TinyTeX/texmf-dist/tex/latex/natbib/natbib.sty
Package: natbib 2010/09/13 8.31b (PWD, AO)
\bibhang=\skip66
\bibsep=\skip67
LaTeX Info: Redefining \cite on input line 694.
\c@NAT@ctr=\count269
) (/Users/nicholas/Library/TinyTeX/texmf-dist/tex/latex/graphics/rotating.sty
Package: rotating 2016/08/11 v2.16d rotated objects in LaTeX
\c@r@tfl@t=\count270
\rotFPtop=\skip68
\rotFPbot=\skip69
\rot@float@box=\box55
\rot@mess@toks=\toks36
)

Class copernicus Warning: Cannot find lineno.sty; proceeding without it.

(/Users/nicholas/Library/TinyTeX/texmf-dist/tex/latex/psnfss/times.sty
Package: times 2020/03/25 PSNFSS-v9.3 (SPQR) 
) (/Users/nicholas/Library/TinyTeX/texmf-dist/tex/latex/psnfss/pifont.sty
Package: pifont 2020/03/25 PSNFSS-v9.3 Pi font support (SPQR) 
LaTeX Font Info:    Trying to load font information for U+pzd on input line 63.

(/Users/nicholas/Library/TinyTeX/texmf-dist/tex/latex/psnfss/upzd.fd
File: upzd.fd 2001/06/04 font definitions for U/pzd.
)
LaTeX Font Info:    Trying to load font information for U+psy on input line 64.

(/Users/nicholas/Library/TinyTeX/texmf-dist/tex/latex/psnfss/upsy.fd
File: upsy.fd 2001/06/04 font definitions for U/psy.
)) (/Users/nicholas/Library/TinyTeX/texmf-dist/tex/latex/hyperref/hyperref.sty
Package: hyperref 2020-05-15 v7.00e Hypertext links for LaTeX
(/Users/nicholas/Library/TinyTeX/texmf-dist/tex/generic/ltxcmds/ltxcmds.sty
Package: ltxcmds 2019/12/15 v1.24 LaTeX kernel commands for general use (HO)
) (/Users/nicholas/Library/TinyTeX/texmf-dist/tex/generic/iftex/iftex.sty
Package: iftex 2020/03/06 v1.0d TeX engine tests
)
(/Users/nicholas/Library/TinyTeX/texmf-dist/tex/generic/pdftexcmds/pdftexcmds.s
ty
Package: pdftexcmds 2020-06-27 v0.33 Utility functions of pdfTeX for LuaTeX (HO
)

(/Users/nicholas/Library/TinyTeX/texmf-dist/tex/generic/infwarerr/infwarerr.sty
Package: infwarerr 2019/12/03 v1.5 Providing info/warning/error messages (HO)
)
Package pdftexcmds Info: \pdf@primitive is available.
Package pdftexcmds Info: \pdf@ifprimitive is available.
Package pdftexcmds Info: \pdfdraftmode found.
)
(/Users/nicholas/Library/TinyTeX/texmf-dist/tex/generic/kvsetkeys/kvsetkeys.sty
Package: kvsetkeys 2019/12/15 v1.18 Key value parser (HO)
)
(/Users/nicholas/Library/TinyTeX/texmf-dist/tex/generic/kvdefinekeys/kvdefineke
ys.sty
Package: kvdefinekeys 2019-12-19 v1.6 Define keys (HO)
)
(/Users/nicholas/Library/TinyTeX/texmf-dist/tex/generic/pdfescape/pdfescape.sty
Package: pdfescape 2019/12/09 v1.15 Implements pdfTeX's escape features (HO)
) (/Users/nicholas/Library/TinyTeX/texmf-dist/tex/latex/hycolor/hycolor.sty
Package: hycolor 2020-01-27 v1.10 Color options for hyperref/bookmark (HO)
)
(/Users/nicholas/Library/TinyTeX/texmf-dist/tex/latex/letltxmacro/letltxmacro.s
ty
Package: letltxmacro 2019/12/03 v1.6 Let assignment for LaTeX macros (HO)
) (/Users/nicholas/Library/TinyTeX/texmf-dist/tex/latex/auxhook/auxhook.sty
Package: auxhook 2019-12-17 v1.6 Hooks for auxiliary files (HO)
) (/Users/nicholas/Library/TinyTeX/texmf-dist/tex/latex/kvoptions/kvoptions.sty
Package: kvoptions 2019/11/29 v3.13 Key value format for package options (HO)
)
\@linkdim=\dimen167
\Hy@linkcounter=\count271
\Hy@pagecounter=\count272
(/Users/nicholas/Library/TinyTeX/texmf-dist/tex/latex/hyperref/pd1enc.def
File: pd1enc.def 2020-05-15 v7.00e Hyperref: PDFDocEncoding definition (HO)
Now handling font encoding PD1 ...
... no UTF-8 mapping file for font encoding PD1
) (/Users/nicholas/Library/TinyTeX/texmf-dist/tex/generic/intcalc/intcalc.sty
Package: intcalc 2019/12/15 v1.3 Expandable calculations with integers (HO)
) (/Users/nicholas/Library/TinyTeX/texmf-dist/tex/generic/etexcmds/etexcmds.sty
Package: etexcmds 2019/12/15 v1.7 Avoid name clashes with e-TeX commands (HO)
)
\Hy@SavedSpaceFactor=\count273
Package hyperref Info: Option `bookmarks' set `false' on input line 4338.
Package hyperref Info: Hyper figures OFF on input line 4464.
Package hyperref Info: Link nesting OFF on input line 4469.
Package hyperref Info: Hyper index ON on input line 4472.
Package hyperref Info: Plain pages OFF on input line 4479.
Package hyperref Info: Backreferencing OFF on input line 4484.
Package hyperref Info: Implicit mode ON; LaTeX internals redefined.
Package hyperref Info: Bookmarks OFF on input line 4723.
\c@Hy@tempcnt=\count274
LaTeX Info: Redefining \url on input line 5076.
\XeTeXLinkMargin=\dimen168
(/Users/nicholas/Library/TinyTeX/texmf-dist/tex/generic/bitset/bitset.sty
Package: bitset 2019/12/09 v1.3 Handle bit-vector datatype (HO)

(/Users/nicholas/Library/TinyTeX/texmf-dist/tex/generic/bigintcalc/bigintcalc.s
ty
Package: bigintcalc 2019/12/15 v1.5 Expandable calculations on big integers (HO
)
))
\Fld@menulength=\count275
\Field@Width=\dimen169
\Fld@charsize=\dimen170
Package hyperref Info: Hyper figures OFF on input line 6347.
Package hyperref Info: Link nesting OFF on input line 6352.
Package hyperref Info: Hyper index ON on input line 6355.
Package hyperref Info: backreferencing OFF on input line 6362.
Package hyperref Info: Link coloring OFF on input line 6367.
Package hyperref Info: Link coloring with OCG OFF on input line 6372.
Package hyperref Info: PDF/A mode OFF on input line 6377.
LaTeX Info: Redefining \ref on input line 6417.
LaTeX Info: Redefining \pageref on input line 6421.
(/Users/nicholas/Library/TinyTeX/texmf-dist/tex/generic/atbegshi/atbegshi.sty
Package: atbegshi 2019/12/05 v1.19 At begin shipout hook (HO)
)
\Hy@abspage=\count276
\c@Item=\count277
\c@Hfootnote=\count278
)
Package hyperref Info: Driver (autodetected): hpdftex.
(/Users/nicholas/Library/TinyTeX/texmf-dist/tex/latex/hyperref/hpdftex.def
File: hpdftex.def 2020-05-15 v7.00e Hyperref driver for pdfTeX
(/Users/nicholas/Library/TinyTeX/texmf-dist/tex/latex/atveryend/atveryend.sty
Package: atveryend 2019-12-11 v1.11 Hooks at the very end of document (HO)
Package atveryend Info: \enddocument detected (standard20110627).
)
\Fld@listcount=\count279
\c@bookmark@seq@number=\count280

(/Users/nicholas/Library/TinyTeX/texmf-dist/tex/latex/rerunfilecheck/rerunfilec
heck.sty
Package: rerunfilecheck 2019/12/05 v1.9 Rerun checks for auxiliary files (HO)

(/Users/nicholas/Library/TinyTeX/texmf-dist/tex/generic/uniquecounter/uniquecou
nter.sty
Package: uniquecounter 2019/12/15 v1.4 Provide unlimited unique counter (HO)
)
Package uniquecounter Info: New unique counter `rerunfilecheck' on input line 2
86.
)
\Hy@SectionHShift=\skip70
)
\c@reaction=\count281
\tabularwidth=\dimen171
Package color Info: Redefining color textcol on input line 2486.
Package color Info: Redefining color bgcol on input line 2486.
Package color Info: Redefining color textcol on input line 2490.
Package color Info: Redefining color bgcol on input line 2491.
Package color Info: Redefining color barcol on input line 2492.
)
LaTeX Info: Redefining \vec on input line 14.

(/Users/nicholas/Library/TinyTeX/texmf-dist/tex/latex/l3backend/l3backend-pdfmo
de.def
File: l3backend-pdfmode.def 2020-06-29 L3 backend support: PDF mode
\l__kernel_color_stack_int=\count282
\l__pdf_internal_box=\box56
) (./geoChronR-paper.aux)
\openout1 = `geoChronR-paper.aux'.

LaTeX Font Info:    Checking defaults for OML/cmm/m/it on input line 81.
LaTeX Font Info:    ... okay on input line 81.
LaTeX Font Info:    Checking defaults for OMS/cmsy/m/n on input line 81.
LaTeX Font Info:    ... okay on input line 81.
LaTeX Font Info:    Checking defaults for OT1/cmr/m/n on input line 81.
LaTeX Font Info:    ... okay on input line 81.
LaTeX Font Info:    Checking defaults for T1/cmr/m/n on input line 81.
LaTeX Font Info:    ... okay on input line 81.
LaTeX Font Info:    Checking defaults for TS1/cmr/m/n on input line 81.
LaTeX Font Info:    ... okay on input line 81.
LaTeX Font Info:    Checking defaults for OMX/cmex/m/n on input line 81.
LaTeX Font Info:    ... okay on input line 81.
LaTeX Font Info:    Checking defaults for U/cmr/m/n on input line 81.
LaTeX Font Info:    ... okay on input line 81.
LaTeX Font Info:    Checking defaults for PD1/pdf/m/n on input line 81.
LaTeX Font Info:    ... okay on input line 81.
LaTeX Font Info:    Trying to load font information for T1+ptm on input line 81
.
(/Users/nicholas/Library/TinyTeX/texmf-dist/tex/latex/psnfss/t1ptm.fd
File: t1ptm.fd 2001/06/04 font definitions for T1/ptm.
)
(/Users/nicholas/Library/TinyTeX/texmf-dist/tex/latex/epstopdf-pkg/epstopdf-bas
e.sty
Package: epstopdf-base 2020-01-24 v2.11 Base part for package epstopdf
Package epstopdf-base Info: Redefining graphics rule for `.eps' on input line 4
85.

(/Users/nicholas/Library/TinyTeX/texmf-dist/tex/latex/latexconfig/epstopdf-sys.
cfg
File: epstopdf-sys.cfg 2010/07/13 v1.3 Configuration of (r)epstopdf for TeX Liv
e
))
Package caption Info: Begin \AtBeginDocument code.
Package caption Info: hyperref package is loaded.
Package caption Info: rotating package is loaded.
Package caption Info: End \AtBeginDocument code.
\AtBeginShipoutBox=\box57
Package hyperref Info: Link coloring OFF on input line 81.
(/Users/nicholas/Library/TinyTeX/texmf-dist/tex/latex/hyperref/nameref.sty
Package: nameref 2019/09/16 v2.46 Cross-referencing by name of section
(/Users/nicholas/Library/TinyTeX/texmf-dist/tex/latex/refcount/refcount.sty
Package: refcount 2019/12/15 v3.6 Data extraction from label references (HO)
)
(/Users/nicholas/Library/TinyTeX/texmf-dist/tex/generic/gettitlestring/gettitle
string.sty
Package: gettitlestring 2019/12/15 v1.6 Cleanup title references (HO)
)
\c@section@level=\count283
)
LaTeX Info: Redefining \ref on input line 81.
LaTeX Info: Redefining \pageref on input line 81.
LaTeX Info: Redefining \nameref on input line 81.
LaTeX Font Info:    Trying to load font information for U+msa on input line 119
.
(/Users/nicholas/Library/TinyTeX/texmf-dist/tex/latex/amsfonts/umsa.fd
File: umsa.fd 2013/01/14 v3.01 AMS symbols A
)
LaTeX Font Info:    Trying to load font information for U+msb on input line 119
.
(/Users/nicholas/Library/TinyTeX/texmf-dist/tex/latex/amsfonts/umsb.fd
File: umsb.fd 2013/01/14 v3.01 AMS symbols B
)

Package natbib Warning: Citation `Brown_radiocarbon89' on page 1 undefined on i
nput line 141.


Package natbib Warning: Citation `Eglinton96' on page 1 undefined on input line
 141.


Package natbib Warning: Citation `Fifield2000' on page 1 undefined on input lin
e 141.


Package natbib Warning: Citation `Eggins2005' on page 1 undefined on input line
 141.


Package natbib Warning: Citation `Santos_blank_2010' on page 1 undefined on inp
ut line 141.


Package natbib Warning: Citation `Stuiver91' on page 1 undefined on input line 
143.


Package natbib Warning: Citation `Stuiver98' on page 1 undefined on input line 
143.


Package natbib Warning: Citation `Balco2009' on page 1 undefined on input line 
143.


Package natbib Warning: Citation `Masarik2009' on page 1 undefined on input lin
e 143.

[1

{/Users/nicholas/Library/TinyTeX/texmf-var/fonts/map/pdftex/updmap/pdftex.map}]

Package natbib Warning: Citation `Ramsey2009Bayesian' on page 2 undefined on in
put line 145.


Package natbib Warning: Citation `Blaauw2010CLAM' on page 2 undefined on input 
line 145.


Package natbib Warning: Citation `Blaauw2011BACON' on page 2 undefined on input
 line 145.


Package natbib Warning: Citation `Ramsey2009Bayesian' on page 2 undefined on in
put line 150.


Package natbib Warning: Citation `Blaauw2010CLAM' on page 2 undefined on input 
line 150.


Package natbib Warning: Citation `Blaauw2011BACON' on page 2 undefined on input
 line 150.


Package natbib Warning: Citation `McKay2008' on page 2 undefined on input line 
150.


Package natbib Warning: Citation `McKay2009' on page 2 undefined on input line 
150.


Package natbib Warning: Citation `Haam_Huybers2010' on page 2 undefined on inpu
t line 154.


Package natbib Warning: Citation `Rhines_JGR2011' on page 2 undefined on input 
line 154.


Package natbib Warning: Citation `Anchukaitis_Tierney2012' on page 2 undefined 
on input line 154.


Package natbib Warning: Citation `Shakun_Nature2012' on page 2 undefined on inp
ut line 154.


Package natbib Warning: Citation `Tierney2013' on page 2 undefined on input lin
e 154.


Package natbib Warning: Citation `Anchukaitis_Tierney2012' on page 2 undefined 
on input line 159.


Package natbib Warning: Citation `Tierney2013' on page 2 undefined on input lin
e 159.


Package natbib Warning: Citation `mckay_onset_2018' on page 2 undefined on inpu
t line 159.


Package natbib Warning: Citation `routson2018' on page 2 undefined on input lin
e 159.


Package natbib Warning: Citation `Shakun_Nature2012' on page 2 undefined on inp
ut line 159.


Package natbib Warning: Citation `kaufman2020HoloceneGMST' on page 2 undefined 
on input line 159.


Package natbib Warning: Citation `Boldt2015' on page 2 undefined on input line 
160.


Package natbib Warning: Citation `Haam_Huybers2010' on page 2 undefined on inpu
t line 170.


Package natbib Warning: Citation `Shakun_Nature2012' on page 2 undefined on inp
ut line 170.


Package natbib Warning: Citation `Anchukaitis_Tierney2012' on page 2 undefined 
on input line 170.


Package natbib Warning: Citation `Tierney2013' on page 2 undefined on input lin
e 170.


Package natbib Warning: Citation `routson2018' on page 2 undefined on input lin
e 170.


Package natbib Warning: Citation `LiPD' on page 2 undefined on input line 179.


Package natbib Warning: Citation `neotoma' on page 2 undefined on input line 17
9.

[2]

Package natbib Warning: Citation `clam' on page 3 undefined on input line 194.


Package natbib Warning: Citation `heegaard05' on page 3 undefined on input line
 194.


Package natbib Warning: Citation `clam' on page 3 undefined on input line 197.

[3]
LaTeX Font Info:    Trying to load font information for T1+pcr on input line 21
2.
(/Users/nicholas/Library/TinyTeX/texmf-dist/tex/latex/psnfss/t1pcr.fd
File: t1pcr.fd 2001/06/04 font definitions for T1/pcr.
)

Package natbib Warning: Citation `baconPackage' on page 4 undefined on input li
ne 212.


Package natbib Warning: Citation `bronkramsey2010' on page 4 undefined on input
 line 227.

[4]

Package natbib Warning: Citation `bretherton1999' on page 5 undefined on input 
line 259.

[5]
Overfull \hbox (1.55313pt too wide) in paragraph at lines 292--297
\T1/ptm/m/n/10 and \T1/pcr/m/n/10 plotPca\T1/ptm/m/n/10 ) pro-duce com-plete fi
g-ures as \T1/pcr/m/n/10 ggplot2 \T1/ptm/m/n/10 ob-jects, that can be read-ily 
cus-tomized by adding or chang-ing \T1/pcr/m/n/10 ggplot2
 []

[6] [7]

Package natbib Warning: Citation `hulu2001' on page 8 undefined on input line 3
36.


Package natbib Warning: Citation `alley' on page 8 undefined on input line 336.


<geoChronR-paper_files/figure-latex/unnamed-chunk-4-1.pdf, id=133, 469.755pt x 
325.215pt>
File: geoChronR-paper_files/figure-latex/unnamed-chunk-4-1.pdf Graphic file (ty
pe pdf)
<use geoChronR-paper_files/figure-latex/unnamed-chunk-4-1.pdf>
Package pdftex.def Info: geoChronR-paper_files/figure-latex/unnamed-chunk-4-1.p
df  used on input line 341.
(pdftex.def)             Requested size: 469.75386pt x 325.2142pt.

Overfull \hbox (88.11119pt too wide) in paragraph at lines 345--347
[]\T1/ptm/m/n/10 After an age en-sem-ble has been added to a LiPD ob-ject, the 
user can vi-su-al-ize the en-sem-ble time-series us-ing \T1/pcr/m/n/10 plotTime
seriesEnsRibbons()
 []

<geoChronR-paper_files/figure-latex/unnamed-chunk-6-1.pdf, id=134, 469.755pt x 
325.215pt>
File: geoChronR-paper_files/figure-latex/unnamed-chunk-6-1.pdf Graphic file (ty
pe pdf)
<use geoChronR-paper_files/figure-latex/unnamed-chunk-6-1.pdf>
Package pdftex.def Info: geoChronR-paper_files/figure-latex/unnamed-chunk-6-1.p
df  used on input line 350.
(pdftex.def)             Requested size: 469.75386pt x 325.2142pt.
[8]
<geoChronR-paper_files/figure-latex/unnamed-chunk-8-1.pdf, id=147, 469.755pt x 
325.215pt>
File: geoChronR-paper_files/figure-latex/unnamed-chunk-8-1.pdf Graphic file (ty
pe pdf)
<use geoChronR-paper_files/figure-latex/unnamed-chunk-8-1.pdf>
Package pdftex.def Info: geoChronR-paper_files/figure-latex/unnamed-chunk-8-1.p
df  used on input line 365.
(pdftex.def)             Requested size: 469.75386pt x 325.2142pt.
<geoChronR-paper_files/figure-latex/unnamed-chunk-8-2.pdf, id=148, 469.755pt x 
325.215pt>
File: geoChronR-paper_files/figure-latex/unnamed-chunk-8-2.pdf Graphic file (ty
pe pdf)
<use geoChronR-paper_files/figure-latex/unnamed-chunk-8-2.pdf>
Package pdftex.def Info: geoChronR-paper_files/figure-latex/unnamed-chunk-8-2.p
df  used on input line 365.
(pdftex.def)             Requested size: 469.75386pt x 325.2142pt.

Overfull \hbox (447.79399pt too wide) in paragraph at lines 365--366
[][] [] 
 []

[9 <./geoChronR-paper_files/figure-latex/unnamed-chunk-4-1.pdf>]
Overfull \vbox (109.30635pt too high) has occurred while \output is active []

[10 <./geoChronR-paper_files/figure-latex/unnamed-chunk-6-1.pdf> <./geoChronR-p
aper_files/figure-latex/unnamed-chunk-8-1.pdf> <./geoChronR-paper_files/figure-
latex/unnamed-chunk-8-2.pdf>]
<geoChronR-paper_files/figure-latex/unnamed-chunk-10-1.pdf, id=200, 469.755pt x
 325.215pt>
File: geoChronR-paper_files/figure-latex/unnamed-chunk-10-1.pdf Graphic file (t
ype pdf)
<use geoChronR-paper_files/figure-latex/unnamed-chunk-10-1.pdf>
Package pdftex.def Info: geoChronR-paper_files/figure-latex/unnamed-chunk-10-1.
pdf  used on input line 375.
(pdftex.def)             Requested size: 469.75386pt x 325.2142pt.

Overfull \hbox (4.14986pt too wide) in paragraph at lines 375--377
[][] \T1/ptm/m/n/10 Fig-ure
 []

<geoChronR-paper_files/figure-latex/unnamed-chunk-12-1.pdf, id=205, 469.755pt x
 325.215pt>
File: geoChronR-paper_files/figure-latex/unnamed-chunk-12-1.pdf Graphic file (t
ype pdf)
<use geoChronR-paper_files/figure-latex/unnamed-chunk-12-1.pdf>
Package pdftex.def Info: geoChronR-paper_files/figure-latex/unnamed-chunk-12-1.
pdf  used on input line 386.
(pdftex.def)             Requested size: 469.75386pt x 325.2142pt.
[11 <./geoChronR-paper_files/figure-latex/unnamed-chunk-10-1.pdf>]
<geoChronR-paper_files/figure-latex/unnamed-chunk-14-1.pdf, id=224, 469.755pt x
 325.215pt>
File: geoChronR-paper_files/figure-latex/unnamed-chunk-14-1.pdf Graphic file (t
ype pdf)
<use geoChronR-paper_files/figure-latex/unnamed-chunk-14-1.pdf>
Package pdftex.def Info: geoChronR-paper_files/figure-latex/unnamed-chunk-14-1.
pdf  used on input line 392.
(pdftex.def)             Requested size: 469.75386pt x 325.2142pt.

Package natbib Warning: Citation `wernerAndTingley' on page 12 undefined on inp
ut line 407.

[12 <./geoChronR-paper_files/figure-latex/unnamed-chunk-12-1.pdf>] [13 <./geoCh
ronR-paper_files/figure-latex/unnamed-chunk-14-1.pdf>]
Package textcomp Info: Symbol \textasciigrave not provided by
(textcomp)             font family pcr in TS1 encoding.
(textcomp)             Default family used instead on input line 431.
LaTeX Font Info:    Trying to load font information for T1+cmtt on input line 4
31.
(/Users/nicholas/Library/TinyTeX/texmf-dist/tex/latex/base/t1cmtt.fd
File: t1cmtt.fd 2019/12/16 v2.5j Standard LaTeX font definitions
)
LaTeX Font Info:    Trying to load font information for TS1+cmtt on input line 
431.
(/Users/nicholas/Library/TinyTeX/texmf-dist/tex/latex/base/ts1cmtt.fd
File: ts1cmtt.fd 2019/12/16 v2.5j Standard LaTeX font definitions
)
Package textcomp Info: Symbol \textasciigrave not provided by
(textcomp)             font family pcr in TS1 encoding.
(textcomp)             Default family used instead on input line 431.
Package textcomp Info: Symbol \textasciigrave not provided by
(textcomp)             font family pcr in TS1 encoding.
(textcomp)             Default family used instead on input line 431.
[14]
<Nikolaus_Kopernikus.jpg, id=275, 206.7725pt x 240.9pt>
File: Nikolaus_Kopernikus.jpg Graphic file (type jpg)
<use Nikolaus_Kopernikus.jpg>
Package pdftex.def Info: Nikolaus_Kopernikus.jpg  used on input line 469.
(pdftex.def)             Requested size: 236.15796pt x 275.14345pt.
File: Nikolaus_Kopernikus.jpg Graphic file (type jpg)
<use Nikolaus_Kopernikus.jpg>
Package pdftex.def Info: Nikolaus_Kopernikus.jpg  used on input line 477.
(pdftex.def)             Requested size: 341.43306pt x 397.82806pt.

Overfull \hbox (170.03976pt too wide) in paragraph at lines 518--519
\T1/ptm/m/n/10 PAC: Quan-ti-ties, Units and Sym-bols in Phys-i-cal Chem-istry, 
2nd Edn., Black-well Sci-ence, avail-able at: http://old.iupac.org/publications
/books/gbook/green_book_2ed.pdf,
 []

[15

 <./Nikolaus_Kopernikus.jpg>] [16] [17]
Overfull \hbox (14.92061pt too wide) in paragraph at lines 576--578
\T1/pcr/m/n/10 true\T1/ptm/m/n/10 ), or make sure your-self that the L[]T[]Xpac
kages \T1/pcr/m/n/10 algorithms \T1/ptm/m/n/10 and \T1/pcr/m/n/10 algorithmicx 
\T1/ptm/m/n/10 are in-stalled so that \T1/pcr/m/n/10 algorithm.sty
 []

Package hyperref Info: bookmark level for unknown algorithm defaults to 0 on in
put line 580.
[18]pdfTeX warning (ext4): destination with the same identifier (name{equation.
10.1}) has been already used, duplicate ignored
<to be read again> 
                   \relax 
l.609 \begin{reaction}
                      pdfTeX warning (ext4): destination with the same identifi
er (name{equation.10.2}) has been already used, duplicate ignored
<to be read again> 
                   \relax 
l.612 \begin{reaction}
                      pdfTeX warning (ext4): destination with the same identifi
er (name{equation.10.3}) has been already used, duplicate ignored
<to be read again> 
                   \relax 
l.615 \begin{reaction}
                      
Overfull \hbox (13.58418pt too wide) in paragraph at lines 625--627
\T1/ptm/m/n/10 The con-clu-sion goes here. You can mod-ify the sec-tion name wi
th \T1/pcr/m/n/10 \conclusions[modified heading if necessary]\T1/ptm/m/n/10 . 
 []

[19] (./geoChronR-paper.bbl [20]
Underfull \hbox (badness 1264) in paragraph at lines 22--26
[]\T1/ptm/m/n/9 Boldt, Bran-don R., Kauf-man, Dar-rell S., McKay, Nicholas P., 
and Briner, Ja-son P.: Holocene sum-mer tem-per-a-ture re-con-struc-
 []


Underfull \hbox (badness 1371) in paragraph at lines 22--26
\T1/ptm/m/n/9 tion from sed-i-men-tary chloro-phyll con-tent, with treat-ment o
f age un-cer-tain-ties, Ku-rupa Lake, Arc-tic Alaska, The Holocene,
 []


Underfull \hbox (badness 4378) in paragraph at lines 102--105
[]\T1/ptm/m/n/9 Trachsel, M. and Telford, R. J.: All age--depth mod-els are wro
ng, but are get-ting bet-ter, The Holocene, 27, 860--869,
 []

) [21]

Package natbib Warning: There were undefined citations.

Package atveryend Info: Empty hook `BeforeClearDocument' on input line 708.
Package atveryend Info: Empty hook `AfterLastShipout' on input line 708.
(./geoChronR-paper.aux)
Package atveryend Info: Executing hook `AtVeryEndDocument' on input line 708.
Package atveryend Info: Empty hook `AtEndAfterFileList' on input line 708.
Package atveryend Info: Empty hook `AtVeryVeryEnd' on input line 708.
 ) 
Here is how much of TeX's memory you used:
 10120 strings out of 482419
 152241 string characters out of 5944269
 449048 words of memory out of 5000000
 25516 multiletter control sequences out of 15000+600000
 575133 words of font info for 94 fonts, out of 8000000 for 9000
 14 hyphenation exceptions out of 8191
 46i,8n,47p,1035b,710s stack positions out of 5000i,500n,10000p,200000b,80000s
 </Users/nicholas/Library/TinyTeX/texmf-var/fonts/pk/ljfour/jknappen/ec/tctt1
000.600pk>{/Users/nicholas/Library/TinyTeX/texmf-dist/fonts/enc/dvips/base/8r.e
nc}</Users/nicholas/Library/TinyTeX/texmf-dist/fonts/type1/public/amsfonts/cm/c
mmi10.pfb></Users/nicholas/Library/TinyTeX/texmf-dist/fonts/type1/public/amsfon
ts/cm/cmmi9.pfb></Users/nicholas/Library/TinyTeX/texmf-dist/fonts/type1/public/
amsfonts/cm/cmmib10.pfb></Users/nicholas/Library/TinyTeX/texmf-dist/fonts/type1
/public/amsfonts/cm/cmr10.pfb></Users/nicholas/Library/TinyTeX/texmf-dist/fonts
/type1/public/amsfonts/cm/cmr7.pfb></Users/nicholas/Library/TinyTeX/texmf-dist/
fonts/type1/public/amsfonts/cm/cmr9.pfb></Users/nicholas/Library/TinyTeX/texmf-
dist/fonts/type1/public/amsfonts/cm/cmsy10.pfb></Users/nicholas/Library/TinyTeX
/texmf-dist/fonts/type1/public/amsfonts/cm/cmsy7.pfb></Users/nicholas/Library/T
inyTeX/texmf-dist/fonts/type1/public/amsfonts/cm/cmsy9.pfb></Users/nicholas/Lib
rary/TinyTeX/texmf-dist/fonts/type1/public/amsfonts/symbols/msam10.pfb></Users/
nicholas/Library/TinyTeX/texmf-dist/fonts/type1/urw/courier/ucrr8a.pfb></Users/
nicholas/Library/TinyTeX/texmf-dist/fonts/type1/urw/times/utmb8a.pfb></Users/ni
cholas/Library/TinyTeX/texmf-dist/fonts/type1/urw/times/utmr8a.pfb></Users/nich
olas/Library/TinyTeX/texmf-dist/fonts/type1/urw/times/utmri8a.pfb>
Output written on geoChronR-paper.pdf (21 pages, 3106416 bytes).
PDF statistics:
 448 PDF objects out of 1000 (max. 8388607)
 390 compressed objects within 4 object streams
 128 named destinations out of 1000 (max. 500000)
 41 words of extra memory for PDF output out of 10000 (max. 10000000)

